----------

Sat Jul 04 2020 14:30:26 GMT+0100 (British Summer Time)

fatal: Not a git repository (or any of the parent directories): .git


----------

Sat Jul 04 2020 14:30:26 GMT+0100 (British Summer Time)

fatal: Not a git repository (or any of the parent directories): .git


----------

Sat Jul 04 2020 14:30:26 GMT+0100 (British Summer Time)

fatal: Not a git repository (or any of the parent directories): .git


----------

Sat Jul 04 2020 14:31:33 GMT+0100 (British Summer Time)

fatal: Not a git repository (or any of the parent directories): .git


----------

Sat Jul 04 2020 14:31:33 GMT+0100 (British Summer Time)

fatal: Not a git repository (or any of the parent directories): .git


----------

Sat Jul 04 2020 14:31:33 GMT+0100 (British Summer Time)

fatal: Not a git repository (or any of the parent directories): .git


----------

Sat Jul 04 2020 14:32:17 GMT+0100 (British Summer Time)

fatal: Not a git repository (or any of the parent directories): .git


----------

Sat Jul 04 2020 14:32:17 GMT+0100 (British Summer Time)

fatal: Not a git repository (or any of the parent directories): .git


----------

Sat Jul 04 2020 14:32:17 GMT+0100 (British Summer Time)

fatal: Not a git repository (or any of the parent directories): .git


----------

Sat Jul 04 2020 14:50:38 GMT+0100 (British Summer Time)

fatal: Not a git repository (or any of the parent directories): .git


----------

Sat Jul 04 2020 14:50:38 GMT+0100 (British Summer Time)

fatal: Not a git repository (or any of the parent directories): .git


----------

Sat Jul 04 2020 14:50:38 GMT+0100 (British Summer Time)

fatal: Not a git repository (or any of the parent directories): .git


----------

Sat Jul 04 2020 21:08:34 GMT+0100 (British Summer Time)

warning: LF will be replaced by CRLF in Wiki/Copy.html.
The file will have its original line endings in your working directory.
warning: LF will be replaced by CRLF in Wiki/Energy Cell.html.
The file will have its original line endings in your working directory.
warning: LF will be replaced by CRLF in Wiki/Getting Started.html.
The file will have its original line endings in your working directory.
warning: LF will be replaced by CRLF in Wiki/Template.html.
The file will have its original line endings in your working directory.
warning: LF will be replaced by CRLF in assets/bootstrap/css/bootstrap.min.css.
The file will have its original line endings in your working directory.
warning: LF will be replaced by CRLF in faq.html.
The file will have its original line endings in your working directory.
warning: LF will be replaced by CRLF in features.html.
The file will have its original line endings in your working directory.
warning: LF will be replaced by CRLF in gallery.html.
The file will have its original line endings in your working directory.
warning: LF will be replaced by CRLF in index.html.
The file will have its original line endings in your working directory.


----------

Sat Jul 04 2020 21:08:34 GMT+0100 (British Summer Time)

gpg: skipped "Brett Saunders <bjs730@student.bham.ac.uk>": secret key not available
gpg: signing failed: secret key not available


----------

Sat Jul 04 2020 21:08:34 GMT+0100 (British Summer Time)

error: gpg failed to sign the data
fatal: failed to write commit object


